This is pdfTeX, Version 3.1415926-1.40.9 (MiKTeX 2.7) (preloaded format=pdflatex 2008.9.4)  1 NOV 2008 11:06
entering extended mode
**D:/Docencia/pipa/curs_08_09/altres/problematrames.tex
(D:/Docencia/pipa/curs_08_09/altres/problematrames.tex
LaTeX2e <2005/12/01>
Babel <v3.8l> and hyphenation patterns for english, dumylang, nohyphenation, ge
rman, ngerman, german-x-2008-06-18, ngerman-x-2008-06-18, french, loaded.
("C:\Archivos de programa\MiKTeX 2.7\tex\latex\base\article.cls"
Document Class: article 2005/09/16 v1.4f Standard LaTeX document class
("C:\Archivos de programa\MiKTeX 2.7\tex\latex\base\size10.clo"
File: size10.clo 2005/09/16 v1.4f Standard LaTeX file (size option)
)
\c@part=\count79
\c@section=\count80
\c@subsection=\count81
\c@subsubsection=\count82
\c@paragraph=\count83
\c@subparagraph=\count84
\c@figure=\count85
\c@table=\count86
\abovecaptionskip=\skip41
\belowcaptionskip=\skip42
\bibindent=\dimen102
)
("C:\Archivos de programa\MiKTeX 2.7\tex\generic\babel\babel.sty"
Package: babel 2008/07/06 v3.8l The Babel package

*************************************
* Local config file bblopts.cfg used
*
("C:\Archivos de programa\MiKTeX 2.7\tex\latex\00miktex\bblopts.cfg"
File: bblopts.cfg 2006/07/31 v1.0 MiKTeX 'babel' configuration
)
("C:\Archivos de programa\MiKTeX 2.7\tex\generic\babel\catalan.ldf"
Language: catalan 2005/03/29 v2.2p Catalan support from the babel system

("C:\Archivos de programa\MiKTeX 2.7\tex\generic\babel\babel.def"
File: babel.def 2008/07/06 v3.8l Babel common definitions
\babel@savecnt=\count87
\U@D=\dimen103
)

Package babel Warning: No hyphenation patterns were loaded for
(babel)                the language `Catalan'
(babel)                I will use the patterns loaded for \language=0 instead.

\l@catalan = a dialect from \language0
Package babel Info: Making " an active character on input line 91.
Warning: You are using encoding OT1 instead of T1.
Some word breaks will not be found.
\leftllkern=\dimen104
\rightllkern=\dimen105
\raiselldim=\dimen106
)) ("C:\Archivos de programa\MiKTeX 2.7\tex\latex\base\inputenc.sty"
Package: inputenc 2006/05/05 v1.1b Input encoding file
\inpenc@prehook=\toks14
\inpenc@posthook=\toks15

("C:\Archivos de programa\MiKTeX 2.7\tex\latex\base\latin1.def"
File: latin1.def 2006/05/05 v1.1b Input encoding file
))
("C:\Archivos de programa\MiKTeX 2.7\tex\latex\tools\enumerate.sty"
Package: enumerate 1999/03/05 v3.00 enumerate extensions (DPC)
\@enLab=\toks16
)
("C:\Archivos de programa\MiKTeX 2.7\tex\latex\amsfonts\amsfonts.sty"
Package: amsfonts 2001/10/25 v2.2f
\@emptytoks=\toks17
\symAMSa=\mathgroup4
\symAMSb=\mathgroup5
LaTeX Font Info:    Overwriting math alphabet `\mathfrak' in version `bold'
(Font)                  U/euf/m/n --> U/euf/b/n on input line 132.
)
("C:\Archivos de programa\MiKTeX 2.7\tex\latex\amsmath\amscd.sty"
Package: amscd 1999/11/29 v1.2d

("C:\Archivos de programa\MiKTeX 2.7\tex\latex\amsmath\amsgen.sty"
File: amsgen.sty 1999/11/30 v2.0
\@emptytoks=\toks18
\ex@=\dimen107
)
\athelp@=\toks19
\minaw@=\dimen108
\bigaw@=\dimen109
\minCDarrowwidth=\dimen110
)
("C:\Archivos de programa\MiKTeX 2.7\tex\latex\amsmath\amsmath.sty"
Package: amsmath 2000/07/18 v2.13 AMS math features
\@mathmargin=\skip43

For additional information on amsmath, use the `?' option.
("C:\Archivos de programa\MiKTeX 2.7\tex\latex\amsmath\amstext.sty"
Package: amstext 2000/06/29 v2.01
)
("C:\Archivos de programa\MiKTeX 2.7\tex\latex\amsmath\amsbsy.sty"
Package: amsbsy 1999/11/29 v1.2d
\pmbraise@=\dimen111
)
("C:\Archivos de programa\MiKTeX 2.7\tex\latex\amsmath\amsopn.sty"
Package: amsopn 1999/12/14 v2.01 operator names
)
\inf@bad=\count88
LaTeX Info: Redefining \frac on input line 211.
\uproot@=\count89
\leftroot@=\count90
LaTeX Info: Redefining \overline on input line 307.
\classnum@=\count91
\DOTSCASE@=\count92
LaTeX Info: Redefining \ldots on input line 379.
LaTeX Info: Redefining \dots on input line 382.
LaTeX Info: Redefining \cdots on input line 467.
\Mathstrutbox@=\box26
\strutbox@=\box27
\big@size=\dimen112
LaTeX Font Info:    Redeclaring font encoding OML on input line 567.
LaTeX Font Info:    Redeclaring font encoding OMS on input line 568.
\macc@depth=\count93
\c@MaxMatrixCols=\count94
\dotsspace@=\muskip10
\c@parentequation=\count95
\dspbrk@lvl=\count96
\tag@help=\toks20
\row@=\count97
\column@=\count98
\maxfields@=\count99
\andhelp@=\toks21
\eqnshift@=\dimen113
\alignsep@=\dimen114
\tagshift@=\dimen115
\tagwidth@=\dimen116
\totwidth@=\dimen117
\lineht@=\dimen118
\@envbody=\toks22
\multlinegap=\skip44
\multlinetaggap=\skip45
\mathdisplay@stack=\toks23
LaTeX Info: Redefining \[ on input line 2666.
LaTeX Info: Redefining \] on input line 2667.
)
("C:\Archivos de programa\MiKTeX 2.7\tex\latex\amsfonts\amssymb.sty"
Package: amssymb 2002/01/22 v2.2d
)
\c@exctr=\count100

(problematrames.aux)
LaTeX Font Info:    Checking defaults for OML/cmm/m/it on input line 30.
LaTeX Font Info:    ... okay on input line 30.
LaTeX Font Info:    Checking defaults for T1/cmr/m/n on input line 30.
LaTeX Font Info:    ... okay on input line 30.
LaTeX Font Info:    Checking defaults for OT1/cmr/m/n on input line 30.
LaTeX Font Info:    ... okay on input line 30.
LaTeX Font Info:    Checking defaults for OMS/cmsy/m/n on input line 30.
LaTeX Font Info:    ... okay on input line 30.
LaTeX Font Info:    Checking defaults for OMX/cmex/m/n on input line 30.
LaTeX Font Info:    ... okay on input line 30.
LaTeX Font Info:    Checking defaults for U/cmr/m/n on input line 30.
LaTeX Font Info:    ... okay on input line 30.
LaTeX Info: Redefining \l on input line 30.
LaTeX Info: Redefining \L on input line 30.
LaTeX Font Info:    Try loading font information for U+msa on input line 48.

("C:\Archivos de programa\MiKTeX 2.7\tex\latex\amsfonts\umsa.fd"
File: umsa.fd 2002/01/19 v2.2g AMS font definitions
)
LaTeX Font Info:    Try loading font information for U+msb on input line 48.

("C:\Archivos de programa\MiKTeX 2.7\tex\latex\amsfonts\umsb.fd"
File: umsb.fd 2002/01/19 v2.2g AMS font definitions
) [1

{C:/Documents and Settings/All Users/Datos de programa/MiKTeX/2.7/pdftex/config
/pdftex.map}] [2] (problematrames.aux) ) 
Here is how much of TeX's memory you used:
 1555 strings out of 95304
 17091 string characters out of 1182766
 74218 words of memory out of 1500000
 4780 multiletter control sequences out of 110000
 5993 words of font info for 24 fonts, out of 1200000 for 2000
 14 hyphenation exceptions out of 8191
 24i,7n,24p,301b,218s stack positions out of 5000i,500n,10000p,200000b,5000s
<C:/Archivos de programa/MiKTeX 2.7/fon
ts/type1/bluesky/cm/cmbx10.pfb><C:/Archivos de programa/MiKTeX 2.7/fonts/type1/
bluesky/cm/cmmi10.pfb><C:/Archivos de programa/MiKTeX 2.7/fonts/type1/bluesky/c
m/cmmi7.pfb><C:/Archivos de programa/MiKTeX 2.7/fonts/type1/bluesky/cm/cmr10.pf
b><C:/Archivos de programa/MiKTeX 2.7/fonts/type1/bluesky/cm/cmr7.pfb><C:/Archi
vos de programa/MiKTeX 2.7/fonts/type1/bluesky/cm/cmsy10.pfb><C:/Archivos de pr
ograma/MiKTeX 2.7/fonts/type1/bluesky/cm/cmsy5.pfb><C:/Archivos de programa/MiK
TeX 2.7/fonts/type1/bluesky/cm/cmsy7.pfb><C:/Archivos de programa/MiKTeX 2.7/fo
nts/type1/bluesky/cm/cmti10.pfb>
Output written on problematrames.pdf (2 pages, 52364 bytes).
PDF statistics:
 45 PDF objects out of 1000 (max. 8388607)
 0 named destinations out of 1000 (max. 131072)
 1 words of extra memory for PDF output out of 10000 (max. 10000000)

