This is pdfeTeX, Version 3.141592-1.30.6-2.2 (MiKTeX 2.5) (preloaded format=pdflatex 2006.8.23)  2 NOV 2007 18:52
entering extended mode
**D:/Docencia/pipa/curs_07_08/apunts/sessio8.tex
(D:\Docencia\pipa\curs_07_08\apunts\sessio8.tex
LaTeX2e <2005/12/01>
Babel <v3.8g> and hyphenation patterns for english, dumylang, nohyphenation, ge
rman, ngerman, french, loaded.
("C:\Archivos de programa\MiKTeX 2.5\tex\latex\base\article.cls"
Document Class: article 2005/09/16 v1.4f Standard LaTeX document class
("C:\Archivos de programa\MiKTeX 2.5\tex\latex\base\size10.clo"
File: size10.clo 2005/09/16 v1.4f Standard LaTeX file (size option)
)
\c@part=\count79
\c@section=\count80
\c@subsection=\count81
\c@subsubsection=\count82
\c@paragraph=\count83
\c@subparagraph=\count84
\c@figure=\count85
\c@table=\count86
\abovecaptionskip=\skip41
\belowcaptionskip=\skip42
\bibindent=\dimen102
)
("C:\Archivos de programa\MiKTeX 2.5\tex\generic\babel\babel.sty"
Package: babel 2005/05/21 v3.8g The Babel package

*************************************
* Local config file bblopts.cfg used
*
("C:\Archivos de programa\MiKTeX 2.5\tex\latex\00miktex\bblopts.cfg"
File: bblopts.cfg 2006/07/31 v1.0 MiKTeX 'babel' configuration
)
("C:\Archivos de programa\MiKTeX 2.5\tex\generic\babel\catalan.ldf"
Language: catalan 2005/03/29 v2.2p Catalan support from the babel system

("C:\Archivos de programa\MiKTeX 2.5\tex\generic\babel\babel.def"
File: babel.def 2005/05/21 v3.8g Babel common definitions
\babel@savecnt=\count87
\U@D=\dimen103
)

Package babel Warning: No hyphenation patterns were loaded for
(babel)                the language `Catalan'
(babel)                I will use the patterns loaded for \language=0 instead.

\l@catalan = a dialect from \language0
Package babel Info: Making " an active character on input line 91.
Warning: You are using encoding OT1 instead of T1.
Some word breaks will not be found.
\leftllkern=\dimen104
\rightllkern=\dimen105
\raiselldim=\dimen106
)) ("C:\Archivos de programa\MiKTeX 2.5\tex\latex\base\inputenc.sty"
Package: inputenc 2006/05/05 v1.1b Input encoding file
\inpenc@prehook=\toks14
\inpenc@posthook=\toks15

("C:\Archivos de programa\MiKTeX 2.5\tex\latex\base\latin1.def"
File: latin1.def 2006/05/05 v1.1b Input encoding file
))
("C:\Archivos de programa\MiKTeX 2.5\tex\latex\tools\enumerate.sty"
Package: enumerate 1999/03/05 v3.00 enumerate extensions (DPC)
\@enLab=\toks16
)
("C:\Archivos de programa\MiKTeX 2.5\tex\latex\amsfonts\amsfonts.sty"
Package: amsfonts 2001/10/25 v2.2f
\@emptytoks=\toks17
\symAMSa=\mathgroup4
\symAMSb=\mathgroup5
LaTeX Font Info:    Overwriting math alphabet `\mathfrak' in version `bold'
(Font)                  U/euf/m/n --> U/euf/b/n on input line 132.
)
("C:\Archivos de programa\MiKTeX 2.5\tex\latex\amsmath\amscd.sty"
Package: amscd 1999/11/29 v1.2d

("C:\Archivos de programa\MiKTeX 2.5\tex\latex\amsmath\amsgen.sty"
File: amsgen.sty 1999/11/30 v2.0
\@emptytoks=\toks18
\ex@=\dimen107
)
\athelp@=\toks19
\minaw@=\dimen108
\bigaw@=\dimen109
\minCDarrowwidth=\dimen110
)
("C:\Archivos de programa\MiKTeX 2.5\tex\latex\amsmath\amsmath.sty"
Package: amsmath 2000/07/18 v2.13 AMS math features
\@mathmargin=\skip43

For additional information on amsmath, use the `?' option.
("C:\Archivos de programa\MiKTeX 2.5\tex\latex\amsmath\amstext.sty"
Package: amstext 2000/06/29 v2.01
)
("C:\Archivos de programa\MiKTeX 2.5\tex\latex\amsmath\amsbsy.sty"
Package: amsbsy 1999/11/29 v1.2d
\pmbraise@=\dimen111
)
("C:\Archivos de programa\MiKTeX 2.5\tex\latex\amsmath\amsopn.sty"
Package: amsopn 1999/12/14 v2.01 operator names
)
\inf@bad=\count88
LaTeX Info: Redefining \frac on input line 211.
\uproot@=\count89
\leftroot@=\count90
LaTeX Info: Redefining \overline on input line 307.
\classnum@=\count91
\DOTSCASE@=\count92
LaTeX Info: Redefining \ldots on input line 379.
LaTeX Info: Redefining \dots on input line 382.
LaTeX Info: Redefining \cdots on input line 467.
\Mathstrutbox@=\box26
\strutbox@=\box27
\big@size=\dimen112
LaTeX Font Info:    Redeclaring font encoding OML on input line 567.
LaTeX Font Info:    Redeclaring font encoding OMS on input line 568.
\macc@depth=\count93
\c@MaxMatrixCols=\count94
\dotsspace@=\muskip10
\c@parentequation=\count95
\dspbrk@lvl=\count96
\tag@help=\toks20
\row@=\count97
\column@=\count98
\maxfields@=\count99
\andhelp@=\toks21
\eqnshift@=\dimen113
\alignsep@=\dimen114
\tagshift@=\dimen115
\tagwidth@=\dimen116
\totwidth@=\dimen117
\lineht@=\dimen118
\@envbody=\toks22
\multlinegap=\skip44
\multlinetaggap=\skip45
\mathdisplay@stack=\toks23
LaTeX Info: Redefining \[ on input line 2666.
LaTeX Info: Redefining \] on input line 2667.
)
("C:\Archivos de programa\MiKTeX 2.5\tex\latex\amsfonts\amssymb.sty"
Package: amssymb 2002/01/22 v2.2d
)
(fancyheadings.sty
\headrulewidth=\dimen119
\footrulewidth=\dimen120
\plainheadrulewidth=\dimen121
\plainfootrulewidth=\dimen122
\headwidth=\dimen123
\footruleskip=\dimen124
)
("C:\Archivos de programa\MiKTeX 2.5\tex\latex\graphics\graphicx.sty"
Package: graphicx 1999/02/16 v1.0f Enhanced LaTeX Graphics (DPC,SPQR)

("C:\Archivos de programa\MiKTeX 2.5\tex\latex\graphics\keyval.sty"
Package: keyval 1999/03/16 v1.13 key=value parser (DPC)
\KV@toks@=\toks24
)
("C:\Archivos de programa\MiKTeX 2.5\tex\latex\graphics\graphics.sty"
Package: graphics 2006/02/20 v1.0o Standard LaTeX Graphics (DPC,SPQR)

("C:\Archivos de programa\MiKTeX 2.5\tex\latex\graphics\trig.sty"
Package: trig 1999/03/16 v1.09 sin cos tan (DPC)
)
("C:\Archivos de programa\MiKTeX 2.5\tex\latex\00miktex\graphics.cfg"
File: graphics.cfg 2005/12/29 v1.2 MiKTeX 'graphics' configuration
)
Package graphics Info: Driver file: pdftex.def on input line 90.

("C:\Archivos de programa\MiKTeX 2.5\tex\latex\graphics\pdftex.def"
File: pdftex.def 2006/08/14 v0.03t Graphics/color for pdfTeX
\Gread@gobject=\count100
))
\Gin@req@height=\dimen125
\Gin@req@width=\dimen126
)
\c@exctr=\count101

(sessio8.aux)
LaTeX Font Info:    Checking defaults for OML/cmm/m/it on input line 37.
LaTeX Font Info:    ... okay on input line 37.
LaTeX Font Info:    Checking defaults for T1/cmr/m/n on input line 37.
LaTeX Font Info:    ... okay on input line 37.
LaTeX Font Info:    Checking defaults for OT1/cmr/m/n on input line 37.
LaTeX Font Info:    ... okay on input line 37.
LaTeX Font Info:    Checking defaults for OMS/cmsy/m/n on input line 37.
LaTeX Font Info:    ... okay on input line 37.
LaTeX Font Info:    Checking defaults for OMX/cmex/m/n on input line 37.
LaTeX Font Info:    ... okay on input line 37.
LaTeX Font Info:    Checking defaults for U/cmr/m/n on input line 37.
LaTeX Font Info:    ... okay on input line 37.
LaTeX Info: Redefining \l on input line 37.
LaTeX Info: Redefining \L on input line 37.
 ("C:\Archivos de programa\MiKTeX 2.5\tex\context\base\supp-pdf.tex" ("C:\Archi
vos de programa\MiKTeX 2.5\tex\context\base\supp-mis.tex"
loading : Context Support Macros / Miscellaneous (2004.10.26)
\protectiondepth=\count102
\scratchcounter=\count103
\scratchtoks=\toks25
\scratchdimen=\dimen127
\scratchskip=\skip46
\scratchmuskip=\muskip11
\scratchbox=\box28
\scratchread=\read1
\scratchwrite=\write3
\zeropoint=\dimen128
\onepoint=\dimen129
\onebasepoint=\dimen130
\minusone=\count104
\thousandpoint=\dimen131
\onerealpoint=\dimen132
\emptytoks=\toks26
\nextbox=\box29
\nextdepth=\dimen133
\everyline=\toks27
\!!counta=\count105
\!!countb=\count106
\recursecounter=\count107
)
loading : Context Support Macros / PDF (2004.03.26)
\nofMPsegments=\count108
\nofMParguments=\count109
\MPscratchCnt=\count110
\MPscratchDim=\dimen134
\MPnumerator=\count111
\everyMPtoPDFconversion=\toks28
)
LaTeX Font Info:    Try loading font information for U+msa on input line 43.
 ("C:\Archivos de programa\MiKTeX 2.5\tex\latex\amsfonts\umsa.fd"
File: umsa.fd 2002/01/19 v2.2g AMS font definitions
)
LaTeX Font Info:    Try loading font information for U+msb on input line 43.

("C:\Archivos de programa\MiKTeX 2.5\tex\latex\amsfonts\umsb.fd"
File: umsb.fd 2002/01/19 v2.2g AMS font definitions
)
Overfull \hbox (7.15935pt too wide) in paragraph at lines 66--69
[]\OT1/cmr/m/n/10 Si les vari-ables $\OML/cmm/m/it/10 X[]; X[]; []  ; X[]$ \OT1
/cmr/m/n/10 son \OT1/cmr/bx/n/10 contnues \OT1/cmr/m/n/10 lla-vors es pot de
finir una fun-cio $\OML/cmm/m/it/10 f[]\OT1/cmr/m/n/10 (\OML/cmm/m/it/10 x[]; 
x[]; []  ; x[]\OT1/cmr/m/n/10 )$
 []


Overfull \hbox (4.47871pt too wide) in paragraph at lines 83--85
[]\OT1/cmr/m/n/10 Donat un vec-tor aleatori $\OML/cmm/m/it/10 n$\OT1/cmr/m/n/10
 -dimensional dis-cret $(\OML/cmm/m/it/10 X[]; X[]; []  ; X[]\OT1/cmr/m/n/10 )$
, la \OT1/cmr/bx/n/10 fun-cio de prob-a-bil-i-tat marginal
 []


Overfull \hbox (15.60811pt too wide) detected at line 94
\OML/cmm/m/it/10 P\OT1/cmr/m/n/10 (\OML/cmm/m/it/10 X[] \OT1/cmr/m/n/10 = \OML/
cmm/m/it/10 x[]; X[] \OT1/cmr/m/n/10 = \OML/cmm/m/it/10 x[]; []  ; X[] \OT1/cmr
/m/n/10 = \OML/cmm/m/it/10 x[]\OT1/cmr/m/n/10 ) = [] [] [] \OML/cmm/m/it/10 P\O
T1/cmr/m/n/10 (\OML/cmm/m/it/10 X[] \OT1/cmr/m/n/10 = \OML/cmm/m/it/10 x[]; [] 
 ; X[] \OT1/cmr/m/n/10 = \OML/cmm/m/it/10 x[]; X[] \OT1/cmr/m/n/10 = \OML/cmm/m
/it/10 x[]; []  ; X[] \OT1/cmr/m/n/10 = \OML/cmm/m/it/10 x[]\OT1/cmr/m/n/10 )
 []


Overfull \hbox (54.342pt too wide) detected at line 127
[]
 []

[14{psfonts.map}

]
LaTeX Font Info:    Try loading font information for OMS+cmr on input line 188.

 ("C:\Archivos de programa\MiKTeX 2.5\tex\latex\base\omscmr.fd"
File: omscmr.fd 1999/05/25 v2.5h Standard LaTeX font definitions
)
LaTeX Font Info:    Font shape `OMS/cmr/m/n' in size <10> not available
(Font)              Font shape `OMS/cmsy/m/n' tried instead on input line 188.
 [15] (sessio8.aux) ) 
Here is how much of TeX's memory you used:
 2406 strings out of 95419
 26639 string characters out of 1187094
 87092 words of memory out of 1082600
 5459 multiletter control sequences out of 60000
 6307 words of font info for 25 fonts, out of 1000000 for 2000
 14 hyphenation exceptions out of 8191
 27i,12n,28p,286b,234s stack positions out of 5000i,500n,10000p,200000b,32768s
PDF statistics:
 49 PDF objects out of 300000
 0 named destinations out of 300000
 1 words of extra memory for PDF output out of 10000
<C:/Archivos de programa/MiKTeX 2.5/fonts/type1/public/ttc
mex/fmex7.pfb><C:/Archivos de programa/MiKTeX 2.5/fonts/type1/bluesky/cm/cmsy5.
pfb><C:/Archivos de programa/MiKTeX 2.5/fonts/type1/bluesky/cm/cmex10.pfb><C:/A
rchivos de programa/MiKTeX 2.5/fonts/type1/bluesky/cm/cmmi5.pfb><C:/Archivos de
 programa/MiKTeX 2.5/fonts/type1/bluesky/cm/cmsy7.pfb><C:/Archivos de programa/
MiKTeX 2.5/fonts/type1/bluesky/cm/cmr5.pfb><C:/Archivos de programa/MiKTeX 2.5/
fonts/type1/bluesky/cm/cmbx10.pfb><C:/Archivos de programa/MiKTeX 2.5/fonts/typ
e1/bluesky/cm/cmmi7.pfb><C:/Archivos de programa/MiKTeX 2.5/fonts/type1/bluesky
/cm/cmsy10.pfb><C:/Archivos de programa/MiKTeX 2.5/fonts/type1/bluesky/cm/cmr7.
pfb><C:/Archivos de programa/MiKTeX 2.5/fonts/type1/bluesky/cm/cmmi10.pfb><C:/A
rchivos de programa/MiKTeX 2.5/fonts/type1/bluesky/cm/cmr10.pfb><C:/Archivos de
 programa/MiKTeX 2.5/fonts/type1/bluesky/cm/cmbx12.pfb><C:/Archivos de programa
/MiKTeX 2.5/fonts/type1/bluesky/cm/cmsl10.pfb>
Output written on sessio8.pdf (2 pages, 73504 bytes).
