\BOOKMARK [-1][]{part.1}{I M\363dulo I: Descripci\363n de datos estad\355sticos univariantes.}{}
\BOOKMARK [0][]{chapter.1}{1 El lenguaje de la estad\355stica}{part.1}
\BOOKMARK [1][]{section.1.1}{1.1 Poblaci\363n y muestra}{chapter.1}
\BOOKMARK [1][]{section.1.2}{1.2 Tipos de estad\355sticas: descriptiva e inferencial}{chapter.1}
\BOOKMARK [1][]{section.1.3}{1.3 Datos y variables}{chapter.1}
\BOOKMARK [1][]{section.1.4}{1.4 Ejercicios propuestos}{chapter.1}
\BOOKMARK [0][]{chapter.2}{2 Organizaci\363n y descripci\363n de datos estad\355sticos}{part.1}
\BOOKMARK [1][]{section.2.1}{2.1 Frecuencias y porcentajes}{chapter.2}
\BOOKMARK [1][]{section.2.2}{2.2 Tablas de frecuencia}{chapter.2}
\BOOKMARK [1][]{section.2.3}{2.3 Representaciones gr\341ficas}{chapter.2}
\BOOKMARK [1][]{section.2.4}{2.4 Tablas y gr\341ficas estad\355sticas con ordenador}{chapter.2}
\BOOKMARK [1][]{section.2.5}{2.5 Utilizaci\363n de la base de datos del INE}{chapter.2}
\BOOKMARK [1][]{section.2.6}{2.6 Ejercicios propuestos}{chapter.2}
\BOOKMARK [0][]{chapter.3}{3 Medidas de tendencia central}{part.1}
\BOOKMARK [1][]{section.3.1}{3.1 Introducci\363n}{chapter.3}
\BOOKMARK [1][]{section.3.2}{3.2 Moda, mediana y media}{chapter.3}
\BOOKMARK [1][]{section.3.3}{3.3 C\341lculo de moda, mediana y media para variables descritas por intervalos}{chapter.3}
\BOOKMARK [1][]{section.3.4}{3.4 C\341lculo de mediana y media a partir de datos brutos}{chapter.3}
\BOOKMARK [1][]{section.3.5}{3.5 C\341lculo de moda, mediana y media seg\372n el tipo de variable}{chapter.3}
\BOOKMARK [1][]{section.3.6}{3.6 Moda, media y mediana y simetr\355a de las distribuciones de frecuencias}{chapter.3}
\BOOKMARK [1][]{section.3.7}{3.7 C\341lculo de moda, mediana, media y percentiles con ordenador}{chapter.3}
\BOOKMARK [1][]{section.3.8}{3.8 Ejercicios propuestos}{chapter.3}
\BOOKMARK [0][]{chapter.4}{4 Medidas de dispersi\363n}{part.1}
\BOOKMARK [1][]{section.4.1}{4.1 Introducci\363n}{chapter.4}
\BOOKMARK [1][]{section.4.2}{4.2 Medidas de dispersi\363n}{chapter.4}
\BOOKMARK [1][]{section.4.3}{4.3 Tipificaci\363n de variables estad\355sticas \(z-scores\)}{chapter.4}
\BOOKMARK [1][]{section.4.4}{4.4 Diagramas de caja}{chapter.4}
\BOOKMARK [1][]{section.4.5}{4.5 C\341lculo de medidas de dispersi\363n con el ordenador}{chapter.4}
\BOOKMARK [1][]{section.4.6}{4.6 Ejercicios propuestos}{chapter.4}
