This is pdfeTeX, Version 3.141592-1.30.6-2.2 (MiKTeX 2.5) (preloaded format=pdflatex 2006.8.23)  29 NOV 2007 12:27
entering extended mode
**D:/Docencia/pipa/curs_07_08/apunts/sessio12.tex
(D:\Docencia\pipa\curs_07_08\apunts\sessio12.tex
LaTeX2e <2005/12/01>
Babel <v3.8g> and hyphenation patterns for english, dumylang, nohyphenation, ge
rman, ngerman, french, loaded.
("C:\Archivos de programa\MiKTeX 2.5\tex\latex\base\article.cls"
Document Class: article 2005/09/16 v1.4f Standard LaTeX document class
("C:\Archivos de programa\MiKTeX 2.5\tex\latex\base\size10.clo"
File: size10.clo 2005/09/16 v1.4f Standard LaTeX file (size option)
)
\c@part=\count79
\c@section=\count80
\c@subsection=\count81
\c@subsubsection=\count82
\c@paragraph=\count83
\c@subparagraph=\count84
\c@figure=\count85
\c@table=\count86
\abovecaptionskip=\skip41
\belowcaptionskip=\skip42
\bibindent=\dimen102
)
("C:\Archivos de programa\MiKTeX 2.5\tex\generic\babel\babel.sty"
Package: babel 2005/05/21 v3.8g The Babel package

*************************************
* Local config file bblopts.cfg used
*
("C:\Archivos de programa\MiKTeX 2.5\tex\latex\00miktex\bblopts.cfg"
File: bblopts.cfg 2006/07/31 v1.0 MiKTeX 'babel' configuration
)
("C:\Archivos de programa\MiKTeX 2.5\tex\generic\babel\catalan.ldf"
Language: catalan 2005/03/29 v2.2p Catalan support from the babel system

("C:\Archivos de programa\MiKTeX 2.5\tex\generic\babel\babel.def"
File: babel.def 2005/05/21 v3.8g Babel common definitions
\babel@savecnt=\count87
\U@D=\dimen103
)

Package babel Warning: No hyphenation patterns were loaded for
(babel)                the language `Catalan'
(babel)                I will use the patterns loaded for \language=0 instead.

\l@catalan = a dialect from \language0
Package babel Info: Making " an active character on input line 91.
Warning: You are using encoding OT1 instead of T1.
Some word breaks will not be found.
\leftllkern=\dimen104
\rightllkern=\dimen105
\raiselldim=\dimen106
)) ("C:\Archivos de programa\MiKTeX 2.5\tex\latex\base\inputenc.sty"
Package: inputenc 2006/05/05 v1.1b Input encoding file
\inpenc@prehook=\toks14
\inpenc@posthook=\toks15

("C:\Archivos de programa\MiKTeX 2.5\tex\latex\base\latin1.def"
File: latin1.def 2006/05/05 v1.1b Input encoding file
))
("C:\Archivos de programa\MiKTeX 2.5\tex\latex\tools\enumerate.sty"
Package: enumerate 1999/03/05 v3.00 enumerate extensions (DPC)
\@enLab=\toks16
)
("C:\Archivos de programa\MiKTeX 2.5\tex\latex\amsfonts\amsfonts.sty"
Package: amsfonts 2001/10/25 v2.2f
\@emptytoks=\toks17
\symAMSa=\mathgroup4
\symAMSb=\mathgroup5
LaTeX Font Info:    Overwriting math alphabet `\mathfrak' in version `bold'
(Font)                  U/euf/m/n --> U/euf/b/n on input line 132.
)
("C:\Archivos de programa\MiKTeX 2.5\tex\latex\amsmath\amscd.sty"
Package: amscd 1999/11/29 v1.2d

("C:\Archivos de programa\MiKTeX 2.5\tex\latex\amsmath\amsgen.sty"
File: amsgen.sty 1999/11/30 v2.0
\@emptytoks=\toks18
\ex@=\dimen107
)
\athelp@=\toks19
\minaw@=\dimen108
\bigaw@=\dimen109
\minCDarrowwidth=\dimen110
)
("C:\Archivos de programa\MiKTeX 2.5\tex\latex\amsmath\amsmath.sty"
Package: amsmath 2000/07/18 v2.13 AMS math features
\@mathmargin=\skip43

For additional information on amsmath, use the `?' option.
("C:\Archivos de programa\MiKTeX 2.5\tex\latex\amsmath\amstext.sty"
Package: amstext 2000/06/29 v2.01
)
("C:\Archivos de programa\MiKTeX 2.5\tex\latex\amsmath\amsbsy.sty"
Package: amsbsy 1999/11/29 v1.2d
\pmbraise@=\dimen111
)
("C:\Archivos de programa\MiKTeX 2.5\tex\latex\amsmath\amsopn.sty"
Package: amsopn 1999/12/14 v2.01 operator names
)
\inf@bad=\count88
LaTeX Info: Redefining \frac on input line 211.
\uproot@=\count89
\leftroot@=\count90
LaTeX Info: Redefining \overline on input line 307.
\classnum@=\count91
\DOTSCASE@=\count92
LaTeX Info: Redefining \ldots on input line 379.
LaTeX Info: Redefining \dots on input line 382.
LaTeX Info: Redefining \cdots on input line 467.
\Mathstrutbox@=\box26
\strutbox@=\box27
\big@size=\dimen112
LaTeX Font Info:    Redeclaring font encoding OML on input line 567.
LaTeX Font Info:    Redeclaring font encoding OMS on input line 568.
\macc@depth=\count93
\c@MaxMatrixCols=\count94
\dotsspace@=\muskip10
\c@parentequation=\count95
\dspbrk@lvl=\count96
\tag@help=\toks20
\row@=\count97
\column@=\count98
\maxfields@=\count99
\andhelp@=\toks21
\eqnshift@=\dimen113
\alignsep@=\dimen114
\tagshift@=\dimen115
\tagwidth@=\dimen116
\totwidth@=\dimen117
\lineht@=\dimen118
\@envbody=\toks22
\multlinegap=\skip44
\multlinetaggap=\skip45
\mathdisplay@stack=\toks23
LaTeX Info: Redefining \[ on input line 2666.
LaTeX Info: Redefining \] on input line 2667.
)
("C:\Archivos de programa\MiKTeX 2.5\tex\latex\amsfonts\amssymb.sty"
Package: amssymb 2002/01/22 v2.2d
)
(fancyheadings.sty
\headrulewidth=\dimen119
\footrulewidth=\dimen120
\plainheadrulewidth=\dimen121
\plainfootrulewidth=\dimen122
\headwidth=\dimen123
\footruleskip=\dimen124
)
("C:\Archivos de programa\MiKTeX 2.5\tex\latex\hyperref\hyperref.sty"
Package: hyperref 2006/08/16 v6.75c Hypertext links for LaTeX

("C:\Archivos de programa\MiKTeX 2.5\tex\latex\graphics\keyval.sty"
Package: keyval 1999/03/16 v1.13 key=value parser (DPC)
\KV@toks@=\toks24
)
\@linkdim=\dimen125
\Hy@linkcounter=\count100
\Hy@pagecounter=\count101

("C:\Archivos de programa\MiKTeX 2.5\tex\latex\hyperref\pd1enc.def"
File: pd1enc.def 2006/08/16 v6.75c Hyperref: PDFDocEncoding definition (HO)
)
("C:\Archivos de programa\MiKTeX 2.5\tex\latex\00miktex\hyperref.cfg"
File: hyperref.cfg 2006/02/14 v1.1 MiKTeX 'hyperref' configuration
)
("C:\Archivos de programa\MiKTeX 2.5\tex\latex\oberdiek\kvoptions.sty"
Package: kvoptions 2006/06/01 v2.2 Connects package keyval with LaTeX options (
HO)
)
Package hyperref Info: Hyper figures OFF on input line 2118.
Package hyperref Info: Link nesting OFF on input line 2123.
Package hyperref Info: Hyper index ON on input line 2126.
Package hyperref Info: Plain pages OFF on input line 2133.
Package hyperref Info: Backreferencing OFF on input line 2138.

Implicit mode ON; LaTeX internals redefined
Package hyperref Info: Bookmarks ON on input line 2268.
("C:\Archivos de programa\MiKTeX 2.5\tex\latex\ltxmisc\url.sty"
\Urlmuskip=\muskip11
Package: url 2005/06/27  ver 3.2  Verb mode for urls, etc.
)
LaTeX Info: Redefining \url on input line 2423.
\Fld@menulength=\count102
\Field@Width=\dimen126
\Fld@charsize=\dimen127
\Choice@toks=\toks25
\Field@toks=\toks26
Package hyperref Info: Hyper figures OFF on input line 2901.
Package hyperref Info: Link nesting OFF on input line 2906.
Package hyperref Info: Hyper index ON on input line 2909.
Package hyperref Info: backreferencing OFF on input line 2916.
Package hyperref Info: Link coloring OFF on input line 2921.
\Hy@abspage=\count103
\c@Item=\count104
\c@Hfootnote=\count105
)
*hyperref using default driver hpdftex*
("C:\Archivos de programa\MiKTeX 2.5\tex\latex\hyperref\hpdftex.def"
File: hpdftex.def 2006/08/16 v6.75c Hyperref driver for pdfTeX
\Fld@listcount=\count106
)
\c@exctr=\count107

(sessio12.aux)
LaTeX Font Info:    Checking defaults for OML/cmm/m/it on input line 39.
LaTeX Font Info:    ... okay on input line 39.
LaTeX Font Info:    Checking defaults for T1/cmr/m/n on input line 39.
LaTeX Font Info:    ... okay on input line 39.
LaTeX Font Info:    Checking defaults for OT1/cmr/m/n on input line 39.
LaTeX Font Info:    ... okay on input line 39.
LaTeX Font Info:    Checking defaults for OMS/cmsy/m/n on input line 39.
LaTeX Font Info:    ... okay on input line 39.
LaTeX Font Info:    Checking defaults for OMX/cmex/m/n on input line 39.
LaTeX Font Info:    ... okay on input line 39.
LaTeX Font Info:    Checking defaults for U/cmr/m/n on input line 39.
LaTeX Font Info:    ... okay on input line 39.
LaTeX Font Info:    Checking defaults for PD1/pdf/m/n on input line 39.
LaTeX Font Info:    ... okay on input line 39.
LaTeX Info: Redefining \l on input line 39.
LaTeX Info: Redefining \L on input line 39.
Package hyperref Info: Link coloring OFF on input line 39.

("C:\Archivos de programa\MiKTeX 2.5\tex\latex\hyperref\nameref.sty"
Package: nameref 2006/08/15 v2.26 Cross-referencing by name of section

("C:\Archivos de programa\MiKTeX 2.5\tex\latex\oberdiek\refcount.sty"
Package: refcount 2006/02/20 v3.0 Data extraction from references (HO)
)
\c@section@level=\count108
)
LaTeX Info: Redefining \ref on input line 39.
LaTeX Info: Redefining \pageref on input line 39.

(sessio12.out) (sessio12.out)
\@outlinefile=\write3
LaTeX Font Info:    Try loading font information for U+msa on input line 44.

("C:\Archivos de programa\MiKTeX 2.5\tex\latex\amsfonts\umsa.fd"
File: umsa.fd 2002/01/19 v2.2g AMS font definitions
)
LaTeX Font Info:    Try loading font information for U+msb on input line 44.

("C:\Archivos de programa\MiKTeX 2.5\tex\latex\amsfonts\umsb.fd"
File: umsb.fd 2002/01/19 v2.2g AMS font definitions
)
LaTeX Font Info:    Try loading font information for OMS+cmr on input line 66.

("C:\Archivos de programa\MiKTeX 2.5\tex\latex\base\omscmr.fd"
File: omscmr.fd 1999/05/25 v2.5h Standard LaTeX font definitions
)
LaTeX Font Info:    Font shape `OMS/cmr/m/n' in size <10> not available
(Font)              Font shape `OMS/cmsy/m/n' tried instead on input line 66.
 [5{psfonts.map}

] (sessio12.aux) ) 
Here is how much of TeX's memory you used:
 3540 strings out of 95419
 44246 string characters out of 1187094
 102687 words of memory out of 1101779
 6565 multiletter control sequences out of 60000
 6821 words of font info for 27 fonts, out of 1000000 for 2000
 14 hyphenation exceptions out of 8191
 28i,11n,27p,286b,348s stack positions out of 5000i,500n,10000p,200000b,32768s
PDF statistics:
 46 PDF objects out of 300000
 2 named destinations out of 300000
 17 words of extra memory for PDF output out of 10000
<C:/Archivos de programa/MiKTeX 2.5/fonts/type1/bluesky/cm/cm
ti10.pfb><C:/Archivos de programa/MiKTeX 2.5/fonts/type1/bluesky/cm/cmbx10.pfb>
<C:/Archivos de programa/MiKTeX 2.5/fonts/type1/bluesky/cm/cmtt10.pfb><C:/Archi
vos de programa/MiKTeX 2.5/fonts/type1/bluesky/cm/cmsy7.pfb><C:/Archivos de pro
grama/MiKTeX 2.5/fonts/type1/bluesky/cm/cmsy10.pfb><C:/Archivos de programa/MiK
TeX 2.5/fonts/type1/bluesky/cm/cmr7.pfb><C:/Archivos de programa/MiKTeX 2.5/fon
ts/type1/bluesky/cm/cmmi7.pfb><C:/Archivos de programa/MiKTeX 2.5/fonts/type1/b
luesky/cm/cmmi10.pfb><C:/Archivos de programa/MiKTeX 2.5/fonts/type1/bluesky/cm
/cmr10.pfb><C:/Archivos de programa/MiKTeX 2.5/fonts/type1/bluesky/cm/cmbx12.pf
b><C:/Archivos de programa/MiKTeX 2.5/fonts/type1/bluesky/cm/cmsl10.pfb>
Output written on sessio12.pdf (1 page, 75396 bytes).
