This is pdfeTeX, Version 3.141592-1.21a-2.2 (Web2C 7.5.4) (format=pdflatex 2006.8.18)  10 DEC 2007 23:49
entering extended mode
**procestocas.tex
(./procestocas.tex
LaTeX2e <2003/12/01>
Babel <v3.8d> and hyphenation patterns for american, french, german, ngerman, b
ahasa, basque, bulgarian, catalan, croatian, czech, danish, dutch, esperanto, e
stonian, finnish, greek, icelandic, irish, italian, latin, magyar, norsk, polis
h, portuges, romanian, russian, serbian, slovak, slovene, spanish, swedish, tur
kish, ukrainian, nohyphenation, loaded.
(/usr/share/texmf-tetex/tex/latex/base/report.cls
Document Class: report 2004/02/16 v1.4f Standard LaTeX document class
(/usr/share/texmf-tetex/tex/latex/base/size11.clo
File: size11.clo 2004/02/16 v1.4f Standard LaTeX file (size option)
)
\c@part=\count79
\c@chapter=\count80
\c@section=\count81
\c@subsection=\count82
\c@subsubsection=\count83
\c@paragraph=\count84
\c@subparagraph=\count85
\c@figure=\count86
\c@table=\count87
\abovecaptionskip=\skip41
\belowcaptionskip=\skip42
\bibindent=\dimen102
)
(/usr/share/texmf-tetex/tex/latex/tools/enumerate.sty
Package: enumerate 1999/03/05 v3.00 enumerate extensions (DPC)
\@enLab=\toks14
)
\secc=\count88
\sbsecc=\count89
\teor=\count90
\prob=\count91
\defi=\count92
\prop=\count93
 (./procestocas.aux)
\openout1 = `procestocas.aux'.

LaTeX Font Info:    Checking defaults for OML/cmm/m/it on input line 74.
LaTeX Font Info:    ... okay on input line 74.
LaTeX Font Info:    Checking defaults for T1/cmr/m/n on input line 74.
LaTeX Font Info:    ... okay on input line 74.
LaTeX Font Info:    Checking defaults for OT1/cmr/m/n on input line 74.
LaTeX Font Info:    ... okay on input line 74.
LaTeX Font Info:    Checking defaults for OMS/cmsy/m/n on input line 74.
LaTeX Font Info:    ... okay on input line 74.
LaTeX Font Info:    Checking defaults for OMX/cmex/m/n on input line 74.
LaTeX Font Info:    ... okay on input line 74.
LaTeX Font Info:    Checking defaults for U/cmr/m/n on input line 74.
LaTeX Font Info:    ... okay on input line 74.
\c@problema=\count94
LaTeX Font Info:    External font `cmex10' loaded for size
(Font)              <10.95> on input line 87.
LaTeX Font Info:    External font `cmex10' loaded for size
(Font)              <8> on input line 87.
LaTeX Font Info:    External font `cmex10' loaded for size
(Font)              <6> on input line 87.

[1

{/var/lib/texmf/fonts/map/pdftex/updmap/pdftex.map}] [2] [3]
(./procestocas.aux) ) 
Here is how much of TeX's memory you used:
 284 strings out of 94500
 3047 string characters out of 1175788
 52348 words of memory out of 1000000
 3526 multiletter control sequences out of 10000+50000
 6988 words of font info for 25 fonts, out of 500000 for 2000
 580 hyphenation exceptions out of 8191
 21i,4n,19p,154b,179s stack positions out of 1500i,500n,5000p,200000b,5000s
PDF statistics:
 37 PDF objects out of 300000
 0 named destinations out of 131072
 1 words of extra memory for PDF output out of 65536
</usr/share/texmf-tetex/fonts/type1/bluesky/cm/cmr6.pfb></
usr/share/texmf-tetex/fonts/type1/bluesky/cm/cmsy8.pfb></usr/share/texmf-tetex/
fonts/type1/bluesky/cm/cmr8.pfb></usr/share/texmf-tetex/fonts/type1/bluesky/cm/
cmmi8.pfb></usr/share/texmf-tetex/fonts/type1/bluesky/cm/cmsy10.pfb></usr/share
/texmf-tetex/fonts/type1/bluesky/cm/cmmi10.pfb></usr/share/texmf-tetex/fonts/ty
pe1/bluesky/cm/cmr10.pfb></usr/share/texmf-tetex/fonts/type1/bluesky/cm/cmbx10.
pfb></usr/share/texmf-tetex/fonts/type1/bluesky/cm/cmcsc10.pfb>
Output written on procestocas.pdf (3 pages, 53226 bytes).
