This is pdfTeXk, Version 3.141592-1.40.3 (Web2C 7.5.6) (format=pdflatex 2008.7.23)  11 JAN 2009 13:06
entering extended mode
 %&-line parsing enabled.
**solprocestocas.tex
(./solprocestocas.tex
LaTeX2e <2005/12/01>
Babel <v3.8h> and hyphenation patterns for english, usenglishmax, dumylang, noh
yphenation, loaded.
(/usr/share/texmf-texlive/tex/latex/base/article.cls
Document Class: article 2005/09/16 v1.4f Standard LaTeX document class
(/usr/share/texmf-texlive/tex/latex/base/size10.clo
File: size10.clo 2005/09/16 v1.4f Standard LaTeX file (size option)
)
\c@part=\count79
\c@section=\count80
\c@subsection=\count81
\c@subsubsection=\count82
\c@paragraph=\count83
\c@subparagraph=\count84
\c@figure=\count85
\c@table=\count86
\abovecaptionskip=\skip41
\belowcaptionskip=\skip42
\bibindent=\dimen102
)
(/usr/share/texmf-texlive/tex/generic/babel/babel.sty
Package: babel 2005/11/23 v3.8h The Babel package

(/usr/share/texmf-texlive/tex/generic/babel/catalan.ldf
Language: catalan 2005/03/29 v2.2p Catalan support from the babel system

(/usr/share/texmf-texlive/tex/generic/babel/babel.def
File: babel.def 2005/11/23 v3.8h Babel common definitions
\babel@savecnt=\count87
\U@D=\dimen103
)

Package babel Warning: No hyphenation patterns were loaded for
(babel)                the language `Catalan'
(babel)                I will use the patterns loaded for \language=0 instead.

\l@catalan = a dialect from \language0
Package babel Info: Making " an active character on input line 91.
Warning: You are using encoding OT1 instead of T1.
Some word breaks will not be found.
\leftllkern=\dimen104
\rightllkern=\dimen105
\raiselldim=\dimen106
)) (/usr/share/texmf-texlive/tex/latex/base/inputenc.sty
Package: inputenc 2006/05/05 v1.1b Input encoding file
\inpenc@prehook=\toks14
\inpenc@posthook=\toks15

(/usr/share/texmf-texlive/tex/latex/base/latin1.def
File: latin1.def 2006/05/05 v1.1b Input encoding file
))
(/usr/share/texmf-texlive/tex/latex/tools/enumerate.sty
Package: enumerate 1999/03/05 v3.00 enumerate extensions (DPC)
\@enLab=\toks16
)
(/usr/share/texmf-texlive/tex/latex/amsfonts/amsfonts.sty
Package: amsfonts 2001/10/25 v2.2f
\@emptytoks=\toks17
\symAMSa=\mathgroup4
\symAMSb=\mathgroup5
LaTeX Font Info:    Overwriting math alphabet `\mathfrak' in version `bold'
(Font)                  U/euf/m/n --> U/euf/b/n on input line 132.
)
(/usr/share/texmf-texlive/tex/latex/amsmath/amscd.sty
Package: amscd 1999/11/29 v1.2d

(/usr/share/texmf-texlive/tex/latex/amsmath/amsgen.sty
File: amsgen.sty 1999/11/30 v2.0
\@emptytoks=\toks18
\ex@=\dimen107
)
\athelp@=\toks19
\minaw@=\dimen108
\bigaw@=\dimen109
\minCDarrowwidth=\dimen110
)
(/usr/share/texmf-texlive/tex/latex/amsmath/amsmath.sty
Package: amsmath 2000/07/18 v2.13 AMS math features
\@mathmargin=\skip43

For additional information on amsmath, use the `?' option.
(/usr/share/texmf-texlive/tex/latex/amsmath/amstext.sty
Package: amstext 2000/06/29 v2.01
)
(/usr/share/texmf-texlive/tex/latex/amsmath/amsbsy.sty
Package: amsbsy 1999/11/29 v1.2d
\pmbraise@=\dimen111
)
(/usr/share/texmf-texlive/tex/latex/amsmath/amsopn.sty
Package: amsopn 1999/12/14 v2.01 operator names
)
\inf@bad=\count88
LaTeX Info: Redefining \frac on input line 211.
\uproot@=\count89
\leftroot@=\count90
LaTeX Info: Redefining \overline on input line 307.
\classnum@=\count91
\DOTSCASE@=\count92
LaTeX Info: Redefining \ldots on input line 379.
LaTeX Info: Redefining \dots on input line 382.
LaTeX Info: Redefining \cdots on input line 467.
\Mathstrutbox@=\box26
\strutbox@=\box27
\big@size=\dimen112
LaTeX Font Info:    Redeclaring font encoding OML on input line 567.
LaTeX Font Info:    Redeclaring font encoding OMS on input line 568.
\macc@depth=\count93
\c@MaxMatrixCols=\count94
\dotsspace@=\muskip10
\c@parentequation=\count95
\dspbrk@lvl=\count96
\tag@help=\toks20
\row@=\count97
\column@=\count98
\maxfields@=\count99
\andhelp@=\toks21
\eqnshift@=\dimen113
\alignsep@=\dimen114
\tagshift@=\dimen115
\tagwidth@=\dimen116
\totwidth@=\dimen117
\lineht@=\dimen118
\@envbody=\toks22
\multlinegap=\skip44
\multlinetaggap=\skip45
\mathdisplay@stack=\toks23
LaTeX Info: Redefining \[ on input line 2666.
LaTeX Info: Redefining \] on input line 2667.
)
(/usr/share/texmf-texlive/tex/latex/amsfonts/amssymb.sty
Package: amssymb 2002/01/22 v2.2d
)
(/usr/share/texmf-texlive/tex/latex/eepic/eepic.sty
Extension to Epic and LaTeX. Version 1.1e - Released Dec 21, 1999
\@gphlinewidth=\count100
\@eepictcnt=\count101
\@tempdimc=\dimen119
\maxovaldiam=\dimen120
\@filltype=\box28
) (/usr/share/texmf-texlive/tex/latex/graphics/graphicx.sty
Package: graphicx 1999/02/16 v1.0f Enhanced LaTeX Graphics (DPC,SPQR)

(/usr/share/texmf-texlive/tex/latex/graphics/keyval.sty
Package: keyval 1999/03/16 v1.13 key=value parser (DPC)
\KV@toks@=\toks24
)
(/usr/share/texmf-texlive/tex/latex/graphics/graphics.sty
Package: graphics 2006/02/20 v1.0o Standard LaTeX Graphics (DPC,SPQR)

(/usr/share/texmf-texlive/tex/latex/graphics/trig.sty
Package: trig 1999/03/16 v1.09 sin cos tan (DPC)
)
(/etc/texmf/tex/latex/config/graphics.cfg
File: graphics.cfg 2007/01/18 v1.5 graphics configuration of teTeX/TeXLive
)
Package graphics Info: Driver file: pdftex.def on input line 90.

(/usr/share/texmf-texlive/tex/latex/pdftex-def/pdftex.def
File: pdftex.def 2007/01/08 v0.04d Graphics/color for pdfTeX
\Gread@gobject=\count102
))
\Gin@req@height=\dimen121
\Gin@req@width=\dimen122
)
(./solprocestocas.aux)
\openout1 = `solprocestocas.aux'.

LaTeX Font Info:    Checking defaults for OML/cmm/m/it on input line 25.
LaTeX Font Info:    ... okay on input line 25.
LaTeX Font Info:    Checking defaults for T1/cmr/m/n on input line 25.
LaTeX Font Info:    ... okay on input line 25.
LaTeX Font Info:    Checking defaults for OT1/cmr/m/n on input line 25.
LaTeX Font Info:    ... okay on input line 25.
LaTeX Font Info:    Checking defaults for OMS/cmsy/m/n on input line 25.
LaTeX Font Info:    ... okay on input line 25.
LaTeX Font Info:    Checking defaults for OMX/cmex/m/n on input line 25.
LaTeX Font Info:    ... okay on input line 25.
LaTeX Font Info:    Checking defaults for U/cmr/m/n on input line 25.
LaTeX Font Info:    ... okay on input line 25.
LaTeX Info: Redefining \l on input line 25.
LaTeX Info: Redefining \L on input line 25.
LaTeX Font Info:    Try loading font information for U+msa on input line 34.
 (/usr/share/texmf-texlive/tex/latex/amsfonts/umsa.fd
File: umsa.fd 2002/01/19 v2.2g AMS font definitions
)
LaTeX Font Info:    Try loading font information for U+msb on input line 34.

(/usr/share/texmf-texlive/tex/latex/amsfonts/umsb.fd
File: umsb.fd 2002/01/19 v2.2g AMS font definitions
)
<figprob1T3a.png, id=1, 324.2514pt x 196.0926pt>
File: figprob1T3a.png Graphic file (type png)
 <use figprob1T3a.png>
<figprob1T3b.png, id=2, 369.5406pt x 219.219pt>
File: figprob1T3b.png Graphic file (type png)
 <use figprob1T3b.png>
Overfull \hbox (21.4233pt too wide) in paragraph at lines 57--68
 [] 
 []


Overfull \hbox (55.27612pt too wide) detected at line 93
\OML/cmm/m/it/10 P\OT1/cmr/m/n/10 (\OML/cmm/m/it/10 X[] \OT1/cmr/m/n/10 = \OML/
cmm/m/it/10 x; X[] \OT1/cmr/m/n/10 = \OML/cmm/m/it/10 y\OT1/cmr/m/n/10 ) = \OML
/cmm/m/it/10 P\OT1/cmr/m/n/10 (\OML/cmm/m/it/10 X[] \OT1/cmr/m/n/10 = \OML/cmm/
m/it/10 y\OMS/cmsy/m/n/10 j\OML/cmm/m/it/10 X[] \OT1/cmr/m/n/10 = \OML/cmm/m/it
/10 x\OT1/cmr/m/n/10 ) \OMS/cmsy/m/n/10 ^^A \OML/cmm/m/it/10 P\OT1/cmr/m/n/10 (
\OML/cmm/m/it/10 X[] \OT1/cmr/m/n/10 = \OML/cmm/m/it/10 x\OT1/cmr/m/n/10 ) = []

 []


Overfull \hbox (18.79199pt too wide) detected at line 118
[]
 []

[1

{/var/lib/texmf/fonts/map/pdftex/updmap/pdftex.map} <./figprob1T3a.png> <./figp
rob1T3b.png>] <figprob2T3a.png, id=16, 421.575pt x 301.125pt>
File: figprob2T3a.png Graphic file (type png)

<use figprob2T3a.png> <figprob2T3b.png, id=17, 421.575pt x 301.125pt>
File: figprob2T3b.png Graphic file (type png)

<use figprob2T3b.png>
Overfull \hbox (21.4233pt too wide) in paragraph at lines 147--158
 [] 
 []

[2 <./figprob2T3a.png> <./figprob2T3b.png>]
Overfull \hbox (47.42557pt too wide) detected at line 229
[]
 []

[3] <figprob3T3a.png, id=26, 421.575pt x 301.125pt>
File: figprob3T3a.png Graphic file (type png)
 <use figprob3T3a.png>
<figprob3T3b.png, id=27, 421.575pt x 301.125pt>
File: figprob3T3b.png Graphic file (type png)
 <use figprob3T3b.png>
Overfull \hbox (81.7454pt too wide) detected at line 290
[]
 []

[4 <./figprob3T3a.png> <./figprob3T3b.png>]
Overfull \hbox (8.91089pt too wide) detected at line 341
[]
 []

[5] <figprob4T3.png, id=36, 282.8166pt x 185.0112pt>
File: figprob4T3.png Graphic file (type png)
 <use figprob4T3.png>
[6 <./figprob4T3.png>]
Overfull \hbox (13.97586pt too wide) detected at line 422
[]
 []

[7]
File: figprob4T3.png Graphic file (type png)
 <use figprob4T3.png>
Overfull \hbox (17.40288pt too wide) detected at line 512
[]
 []


Overfull \hbox (13.97586pt too wide) detected at line 540
[]
 []

[8] [9] [10]
Overfull \hbox (21.93633pt too wide) detected at line 639
[]
 []

[11] [12] [13]
Overfull \hbox (42.18257pt too wide) detected at line 818
[]
 []


Overfull \hbox (66.76216pt too wide) detected at line 830
[]
 []

[14]
Overfull \hbox (24.88187pt too wide) detected at line 909
[]
 []

[15]
Overfull \hbox (11.6525pt too wide) in paragraph at lines 966--970
[]\OT1/cmr/m/n/10 Generalitzau el re-sul-tat an-te-ri-or quan es jun-ten $\OML/
cmm/m/it/10 k$ \OT1/cmr/m/n/10 l^^S^^Pnies telef^^Roniques in-de-pen-dents Pois
-son amb par^^Rametres
 []


Overfull \hbox (41.36835pt too wide) detected at line 1011
[]
 []


Overfull \hbox (66.03293pt too wide) detected at line 1051
[]
 []

[16]
Overfull \hbox (60.71176pt too wide) detected at line 1083
[]
 []

[17] [18] (./solprocestocas.aux) ) 
Here is how much of TeX's memory you used:
 2003 strings out of 95086
 23500 string characters out of 1183255
 82750 words of memory out of 1500000
 5167 multiletter control sequences out of 10000+50000
 5993 words of font info for 24 fonts, out of 1200000 for 2000
 28 hyphenation exceptions out of 8191
 25i,18n,24p,258b,248s stack positions out of 5000i,500n,6000p,200000b,5000s
</usr/share/texmf-texlive/fonts/type1/bluesky
/cm/cmbx10.pfb></usr/share/texmf-texlive/fonts/type1/bluesky/cm/cmex10.pfb></us
r/share/texmf-texlive/fonts/type1/bluesky/cm/cmmi10.pfb></usr/share/texmf-texli
ve/fonts/type1/bluesky/cm/cmmi5.pfb></usr/share/texmf-texlive/fonts/type1/blues
ky/cm/cmmi7.pfb></usr/share/texmf-texlive/fonts/type1/bluesky/cm/cmr10.pfb></us
r/share/texmf-texlive/fonts/type1/bluesky/cm/cmr5.pfb></usr/share/texmf-texlive
/fonts/type1/bluesky/cm/cmr7.pfb></usr/share/texmf-texlive/fonts/type1/bluesky/
cm/cmsy10.pfb></usr/share/texmf-texlive/fonts/type1/bluesky/cm/cmsy5.pfb></usr/
share/texmf-texlive/fonts/type1/bluesky/cm/cmsy7.pfb></usr/share/texmf-texlive/
fonts/type1/bluesky/cm/cmti10.pfb></usr/share/texmf-texlive/fonts/type1/bluesky
/ams/msbm7.pfb>
Output written on solprocestocas.pdf (18 pages, 220214 bytes).
PDF statistics:
 126 PDF objects out of 1000 (max. 8388607)
 0 named destinations out of 1000 (max. 131072)
 36 words of extra memory for PDF output out of 10000 (max. 10000000)

