This is pdfeTeX, Version 3.141592-1.30.6-2.2 (MiKTeX 2.5) (preloaded format=pdflatex 2006.8.23)  5 NOV 2007 09:18
entering extended mode
**D:/Docencia/pipa/curs_07_08/problemes/solsumava.tex
(D:\Docencia\pipa\curs_07_08\problemes\solsumava.tex
LaTeX2e <2005/12/01>
Babel <v3.8g> and hyphenation patterns for english, dumylang, nohyphenation, ge
rman, ngerman, french, loaded.
("C:\Archivos de programa\MiKTeX 2.5\tex\latex\base\report.cls"
Document Class: report 2005/09/16 v1.4f Standard LaTeX document class
("C:\Archivos de programa\MiKTeX 2.5\tex\latex\base\size12.clo"
File: size12.clo 2005/09/16 v1.4f Standard LaTeX file (size option)
)
\c@part=\count79
\c@chapter=\count80
\c@section=\count81
\c@subsection=\count82
\c@subsubsection=\count83
\c@paragraph=\count84
\c@subparagraph=\count85
\c@figure=\count86
\c@table=\count87
\abovecaptionskip=\skip41
\belowcaptionskip=\skip42
\bibindent=\dimen102
)
("C:\Archivos de programa\MiKTeX 2.5\tex\latex\tools\enumerate.sty"
Package: enumerate 1999/03/05 v3.00 enumerate extensions (DPC)
\@enLab=\toks14
)
\secc=\count88
\sbsecc=\count89
\teor=\count90
\prob=\count91
\defi=\count92
\prop=\count93

(solsumava.aux)
LaTeX Font Info:    Checking defaults for OML/cmm/m/it on input line 79.
LaTeX Font Info:    ... okay on input line 79.
LaTeX Font Info:    Checking defaults for T1/cmr/m/n on input line 79.
LaTeX Font Info:    ... okay on input line 79.
LaTeX Font Info:    Checking defaults for OT1/cmr/m/n on input line 79.
LaTeX Font Info:    ... okay on input line 79.
LaTeX Font Info:    Checking defaults for OMS/cmsy/m/n on input line 79.
LaTeX Font Info:    ... okay on input line 79.
LaTeX Font Info:    Checking defaults for OMX/cmex/m/n on input line 79.
LaTeX Font Info:    ... okay on input line 79.
LaTeX Font Info:    Checking defaults for U/cmr/m/n on input line 79.
LaTeX Font Info:    ... okay on input line 79.
\c@problema=\count94
LaTeX Font Info:    External font `cmex10' loaded for size
(Font)              <12> on input line 98.
LaTeX Font Info:    External font `cmex10' loaded for size
(Font)              <8> on input line 98.
LaTeX Font Info:    External font `cmex10' loaded for size
(Font)              <6> on input line 98.
 [1{psfonts.map}

] [2] [3] [4] [5] [6] [7] [8] (solsumava.aux) ) 
Here is how much of TeX's memory you used:
 302 strings out of 95419
 3093 string characters out of 1187094
 54185 words of memory out of 1050205
 3506 multiletter control sequences out of 60000
 7336 words of font info for 26 fonts, out of 1000000 for 2000
 14 hyphenation exceptions out of 8191
 22i,9n,19p,186b,135s stack positions out of 5000i,500n,10000p,200000b,32768s
PDF statistics:
 62 PDF objects out of 300000
 0 named destinations out of 300000
 1 words of extra memory for PDF output out of 10000
<C:/Archivos de programa/MiKTeX 
2.5/fonts/type1/bluesky/cm/cmr6.pfb><C:/Archivos de programa/MiKTeX 2.5/fonts/t
ype1/bluesky/cm/cmsy6.pfb><C:/Archivos de programa/MiKTeX 2.5/fonts/type1/blues
ky/cm/cmmi6.pfb><C:/Archivos de programa/MiKTeX 2.5/fonts/type1/bluesky/cm/cmsy
8.pfb><C:/Archivos de programa/MiKTeX 2.5/fonts/type1/bluesky/cm/cmmi8.pfb><C:/
Archivos de programa/MiKTeX 2.5/fonts/type1/bluesky/cm/cmsy10.pfb><C:/Archivos 
de programa/MiKTeX 2.5/fonts/type1/bluesky/cm/cmr8.pfb><C:/Archivos de programa
/MiKTeX 2.5/fonts/type1/bluesky/cm/cmex10.pfb><C:/Archivos de programa/MiKTeX 2
.5/fonts/type1/bluesky/cm/cmmi12.pfb><C:/Archivos de programa/MiKTeX 2.5/fonts/
type1/bluesky/cm/cmbx12.pfb><C:/Archivos de programa/MiKTeX 2.5/fonts/type1/blu
esky/cm/cmcsc10.pfb><C:/Archivos de programa/MiKTeX 2.5/fonts/type1/bluesky/cm/
cmr12.pfb>
Output written on solsumava.pdf (8 pages, 110923 bytes).
