This is pdfeTeX, Version 3.141592-1.30.6-2.2 (MiKTeX 2.5) (preloaded format=pdflatex 2006.8.23)  4 NOV 2007 01:25
entering extended mode
**D:/Docencia/pipa/curs_07_08/problemes/sumava.tex
(D:\Docencia\pipa\curs_07_08\problemes\sumava.tex
LaTeX2e <2005/12/01>
Babel <v3.8g> and hyphenation patterns for english, dumylang, nohyphenation, ge
rman, ngerman, french, loaded.
("C:\Archivos de programa\MiKTeX 2.5\tex\latex\base\report.cls"
Document Class: report 2005/09/16 v1.4f Standard LaTeX document class
("C:\Archivos de programa\MiKTeX 2.5\tex\latex\base\size11.clo"
File: size11.clo 2005/09/16 v1.4f Standard LaTeX file (size option)
)
\c@part=\count79
\c@chapter=\count80
\c@section=\count81
\c@subsection=\count82
\c@subsubsection=\count83
\c@paragraph=\count84
\c@subparagraph=\count85
\c@figure=\count86
\c@table=\count87
\abovecaptionskip=\skip41
\belowcaptionskip=\skip42
\bibindent=\dimen102
)
("C:\Archivos de programa\MiKTeX 2.5\tex\latex\tools\enumerate.sty"
Package: enumerate 1999/03/05 v3.00 enumerate extensions (DPC)
\@enLab=\toks14
)
\secc=\count88
\sbsecc=\count89
\teor=\count90
\prob=\count91
\defi=\count92
\prop=\count93

(sumava.aux)
LaTeX Font Info:    Checking defaults for OML/cmm/m/it on input line 74.
LaTeX Font Info:    ... okay on input line 74.
LaTeX Font Info:    Checking defaults for T1/cmr/m/n on input line 74.
LaTeX Font Info:    ... okay on input line 74.
LaTeX Font Info:    Checking defaults for OT1/cmr/m/n on input line 74.
LaTeX Font Info:    ... okay on input line 74.
LaTeX Font Info:    Checking defaults for OMS/cmsy/m/n on input line 74.
LaTeX Font Info:    ... okay on input line 74.
LaTeX Font Info:    Checking defaults for OMX/cmex/m/n on input line 74.
LaTeX Font Info:    ... okay on input line 74.
LaTeX Font Info:    Checking defaults for U/cmr/m/n on input line 74.
LaTeX Font Info:    ... okay on input line 74.
\c@problema=\count94
LaTeX Font Info:    External font `cmex10' loaded for size
(Font)              <10.95> on input line 90.
LaTeX Font Info:    External font `cmex10' loaded for size
(Font)              <8> on input line 90.
LaTeX Font Info:    External font `cmex10' loaded for size
(Font)              <6> on input line 90.
 [1

{psfonts.map}] [2] [3] (sumava.aux) ) 
Here is how much of TeX's memory you used:
 309 strings out of 95419
 3140 string characters out of 1187094
 52133 words of memory out of 1050201
 3513 multiletter control sequences out of 60000
 7955 words of font info for 28 fonts, out of 1000000 for 2000
 14 hyphenation exceptions out of 8191
 21i,6n,19p,206b,132s stack positions out of 5000i,500n,10000p,200000b,32768s
PDF statistics:
 52 PDF objects out of 300000
 0 named destinations out of 300000
 1 words of extra memory for PDF output out of 10000
<C:/Archivos de programa/MiKTeX 2.5/fonts/
type1/bluesky/cm/cmti10.pfb><C:/Archivos de programa/MiKTeX 2.5/fonts/type1/blu
esky/cm/cmr6.pfb><C:/Archivos de programa/MiKTeX 2.5/fonts/type1/bluesky/cm/cmm
i6.pfb><C:/Archivos de programa/MiKTeX 2.5/fonts/type1/bluesky/cm/cmbx6.pfb><C:
/Archivos de programa/MiKTeX 2.5/fonts/type1/bluesky/cm/cmsy8.pfb><C:/Archivos 
de programa/MiKTeX 2.5/fonts/type1/bluesky/cm/cmbx8.pfb><C:/Archivos de program
a/MiKTeX 2.5/fonts/type1/bluesky/cm/cmex10.pfb><C:/Archivos de programa/MiKTeX 
2.5/fonts/type1/bluesky/cm/cmmi8.pfb><C:/Archivos de programa/MiKTeX 2.5/fonts/
type1/bluesky/cm/cmr8.pfb><C:/Archivos de programa/MiKTeX 2.5/fonts/type1/blues
ky/cm/cmsy10.pfb><C:/Archivos de programa/MiKTeX 2.5/fonts/type1/bluesky/cm/cmm
i10.pfb><C:/Archivos de programa/MiKTeX 2.5/fonts/type1/bluesky/cm/cmr10.pfb><C
:/Archivos de programa/MiKTeX 2.5/fonts/type1/bluesky/cm/cmbx10.pfb><C:/Archivo
s de programa/MiKTeX 2.5/fonts/type1/bluesky/cm/cmcsc10.pfb>
Output written on sumava.pdf (3 pages, 83099 bytes).
