This is pdfeTeX, Version 3.141592-1.30.6-2.2 (MiKTeX 2.5) (preloaded format=latex 2006.8.23)  13 OCT 2006 09:54
entering extended mode
**tema2.tex
(tema2.tex
LaTeX2e <2005/12/01>
Babel <v3.8g> and hyphenation patterns for english, dumylang, nohyphenation, ge
rman, ngerman, french, loaded.
("C:\Archivos de programa\MiKTeX 2.5\tex\latex\base\article.cls"
Document Class: article 2005/09/16 v1.4f Standard LaTeX document class
("C:\Archivos de programa\MiKTeX 2.5\tex\latex\base\size10.clo"
File: size10.clo 2005/09/16 v1.4f Standard LaTeX file (size option)
)
\c@part=\count79
\c@section=\count80
\c@subsection=\count81
\c@subsubsection=\count82
\c@paragraph=\count83
\c@subparagraph=\count84
\c@figure=\count85
\c@table=\count86
\abovecaptionskip=\skip41
\belowcaptionskip=\skip42
\bibindent=\dimen102
)
("C:\Archivos de programa\MiKTeX 2.5\tex\latex\tools\enumerate.sty"
Package: enumerate 1999/03/05 v3.00 enumerate extensions (DPC)
\@enLab=\toks14
)
("C:\Archivos de programa\MiKTeX 2.5\tex\latex\amsfonts\amsfonts.sty"
Package: amsfonts 2001/10/25 v2.2f
\@emptytoks=\toks15
\symAMSa=\mathgroup4
\symAMSb=\mathgroup5
LaTeX Font Info:    Overwriting math alphabet `\mathfrak' in version `bold'
(Font)                  U/euf/m/n --> U/euf/b/n on input line 132.
)
("C:\Archivos de programa\MiKTeX 2.5\tex\latex\amsmath\amscd.sty"
Package: amscd 1999/11/29 v1.2d

("C:\Archivos de programa\MiKTeX 2.5\tex\latex\amsmath\amsgen.sty"
File: amsgen.sty 1999/11/30 v2.0
\@emptytoks=\toks16
\ex@=\dimen103
)
\athelp@=\toks17
\minaw@=\dimen104
\bigaw@=\dimen105
\minCDarrowwidth=\dimen106
)
("C:\Archivos de programa\MiKTeX 2.5\tex\latex\amsmath\amsmath.sty"
Package: amsmath 2000/07/18 v2.13 AMS math features
\@mathmargin=\skip43

For additional information on amsmath, use the `?' option.
("C:\Archivos de programa\MiKTeX 2.5\tex\latex\amsmath\amstext.sty"
Package: amstext 2000/06/29 v2.01
)
("C:\Archivos de programa\MiKTeX 2.5\tex\latex\amsmath\amsbsy.sty"
Package: amsbsy 1999/11/29 v1.2d
\pmbraise@=\dimen107
)
("C:\Archivos de programa\MiKTeX 2.5\tex\latex\amsmath\amsopn.sty"
Package: amsopn 1999/12/14 v2.01 operator names
)
\inf@bad=\count87
LaTeX Info: Redefining \frac on input line 211.
\uproot@=\count88
\leftroot@=\count89
LaTeX Info: Redefining \overline on input line 307.
\classnum@=\count90
\DOTSCASE@=\count91
LaTeX Info: Redefining \ldots on input line 379.
LaTeX Info: Redefining \dots on input line 382.
LaTeX Info: Redefining \cdots on input line 467.
\Mathstrutbox@=\box26
\strutbox@=\box27
\big@size=\dimen108
LaTeX Font Info:    Redeclaring font encoding OML on input line 567.
LaTeX Font Info:    Redeclaring font encoding OMS on input line 568.
\macc@depth=\count92
\c@MaxMatrixCols=\count93
\dotsspace@=\muskip10
\c@parentequation=\count94
\dspbrk@lvl=\count95
\tag@help=\toks18
\row@=\count96
\column@=\count97
\maxfields@=\count98
\andhelp@=\toks19
\eqnshift@=\dimen109
\alignsep@=\dimen110
\tagshift@=\dimen111
\tagwidth@=\dimen112
\totwidth@=\dimen113
\lineht@=\dimen114
\@envbody=\toks20
\multlinegap=\skip44
\multlinetaggap=\skip45
\mathdisplay@stack=\toks21
LaTeX Info: Redefining \[ on input line 2666.
LaTeX Info: Redefining \] on input line 2667.
)
("C:\Archivos de programa\MiKTeX 2.5\tex\latex\amsfonts\amssymb.sty"
Package: amssymb 2002/01/22 v2.2d
)
("C:\Archivos de programa\MiKTeX 2.5\tex\latex\graphics\graphicx.sty"
Package: graphicx 1999/02/16 v1.0f Enhanced LaTeX Graphics (DPC,SPQR)

("C:\Archivos de programa\MiKTeX 2.5\tex\latex\graphics\keyval.sty"
Package: keyval 1999/03/16 v1.13 key=value parser (DPC)
\KV@toks@=\toks22
)
("C:\Archivos de programa\MiKTeX 2.5\tex\latex\graphics\graphics.sty"
Package: graphics 2006/02/20 v1.0o Standard LaTeX Graphics (DPC,SPQR)

("C:\Archivos de programa\MiKTeX 2.5\tex\latex\graphics\trig.sty"
Package: trig 1999/03/16 v1.09 sin cos tan (DPC)
)
("C:\Archivos de programa\MiKTeX 2.5\tex\latex\00miktex\graphics.cfg"
File: graphics.cfg 2005/12/29 v1.2 MiKTeX 'graphics' configuration
)
Package graphics Info: Driver file: dvips.def on input line 90.

("C:\Archivos de programa\MiKTeX 2.5\tex\latex\graphics\dvips.def"
File: dvips.def 1999/02/16 v3.0i Driver-dependant file (DPC,SPQR)
))
\Gin@req@height=\dimen115
\Gin@req@width=\dimen116
)
(tema2.aux)
LaTeX Font Info:    Checking defaults for OML/cmm/m/it on input line 22.
LaTeX Font Info:    ... okay on input line 22.
LaTeX Font Info:    Checking defaults for T1/cmr/m/n on input line 22.
LaTeX Font Info:    ... okay on input line 22.
LaTeX Font Info:    Checking defaults for OT1/cmr/m/n on input line 22.
LaTeX Font Info:    ... okay on input line 22.
LaTeX Font Info:    Checking defaults for OMS/cmsy/m/n on input line 22.
LaTeX Font Info:    ... okay on input line 22.
LaTeX Font Info:    Checking defaults for OMX/cmex/m/n on input line 22.
LaTeX Font Info:    ... okay on input line 22.
LaTeX Font Info:    Checking defaults for U/cmr/m/n on input line 22.
LaTeX Font Info:    ... okay on input line 22.
LaTeX Font Info:    Try loading font information for U+msa on input line 23.
 ("C:\Archivos de programa\MiKTeX 2.5\tex\latex\amsfonts\umsa.fd"
File: umsa.fd 2002/01/19 v2.2g AMS font definitions
)
LaTeX Font Info:    Try loading font information for U+msb on input line 23.

("C:\Archivos de programa\MiKTeX 2.5\tex\latex\amsfonts\umsb.fd"
File: umsb.fd 2002/01/19 v2.2g AMS font definitions
) (tema2.toc)
\tf@toc=\write3

[1

] [2]
File: imatges/exserie1.eps Graphic file (type eps)
 <imatges/exserie1.eps>
File: imatges/exserie2.eps Graphic file (type eps)
 <imatges/exserie2.eps>
File: imatges/exserie3.eps Graphic file (type eps)
 <imatges/exserie3.eps>
[3] [4]
File: imatges/pulse75.eps Graphic file (type eps)
 <imatges/pulse75.eps>
LaTeX Font Info:    Try loading font information for OMS+cmr on input line 308.


("C:\Archivos de programa\MiKTeX 2.5\tex\latex\base\omscmr.fd"
File: omscmr.fd 1999/05/25 v2.5h Standard LaTeX font definitions
)
LaTeX Font Info:    Font shape `OMS/cmr/m/n' in size <10> not available
(Font)              Font shape `OMS/cmsy/m/n' tried instead on input line 308.
 [5]
File: imatges/period1.eps Graphic file (type eps)

<imatges/period1.eps>
File: imatges/espai.eps Graphic file (type eps)
 <imatges/espai.eps>
File: imatges/espai.eps Graphic file (type eps)
 <imatges/espai.eps> [6] [7]
LaTeX Font Info:    Font shape `OMS/cmr/m/it' in size <10> not available
(Font)              Font shape `OMS/cmsy/m/n' tried instead on input line 449.
 [8]
[9]
File: imatges/sincPi.eps Graphic file (type eps)
 <imatges/sincPi.eps> [10]
File: imatges/tempsfrequencia.eps Graphic file (type eps)
 <imatges/tempsfrequencia.eps> [11]
File: imatges/senyaldiscret.eps Graphic file (type eps)

<imatges/senyaldiscret.eps> [12]
File: imatges/exconvolucio.eps Graphic file (type eps)
 <imatges/exconvolucio.eps> [13]
File: imatges/esglaoreal.eps Graphic file (type eps)

<imatges/esglaoreal.eps>
File: imatges/esglaoideal.eps Graphic file (type eps)
 <imatges/esglaoideal.eps>
File: imatges/deltareal.eps Graphic file (type eps)
 <imatges/deltareal.eps>
File: imatges/deltamatematic.eps Graphic file (type eps)

<imatges/deltamatematic.eps>
File: imatges/deltaideal.eps Graphic file (type eps)
 <imatges/deltaideal.eps> [14] [15] [16]
File: imatges/derdiscontinua.eps Graphic file (type eps)

<imatges/derdiscontinua.eps> [17] [18]
File: imatges/sampledf.eps Graphic file (type eps)
 <imatges/sampledf.eps>
File: imatges/sampledf.eps Graphic file (type eps)

<imatges/sampledf.eps> [19]
File: imatges/sampledf.eps Graphic file (type eps)
 <imatges/sampledf.eps> [20]
File: imatges/samplingtheorem.eps Graphic file (type eps)

<imatges/samplingtheorem.eps> [21]
File: imatges/reconstruction.eps Graphic file (type eps)
 <imatges/reconstruction.eps>
File: imatges/aliasing.eps Graphic file (type eps)

<imatges/aliasing.eps> [22] [23] [24] [25]
Overfull \hbox (7.16933pt too wide) in paragraph at lines 1686--1688
[][]\OT1/cmr/m/n/10 Seguint un raon-a-ment sim-i-lar po-dem de-mostrar que tamb
e es cumpleix la igual-tat DFT\OMS/cmsy/m/n/10 f\OT1/cmr/m/n/10 IDFT\OMS/cmsy/
m/n/10 f$[]\OT1/cmr/m/n/10 [\OML/cmm/m/it/10 k\OT1/cmr/m/n/10 ]$\OMS/cmsy/m/n/1
0 gg\OT1/cmr/m/n/10 =$[][\OML/cmm/m/it/10 k\OT1/cmr/m/n/10 ]$. 
 []

[26]
File: imatges/espectre2D.eps Graphic file (type eps)
 <imatges/espectre2D.eps>
File: imatges/espectre2Dm.eps Graphic file (type eps)
 <imatges/espectre2Dm.eps> [27] [28] (tema2.aux) ) 
Here is how much of TeX's memory you used:
 1815 strings out of 95420
 18990 string characters out of 1187120
 69827 words of memory out of 1067383
 4747 multiletter control sequences out of 60000
 12157 words of font info for 47 fonts, out of 1000000 for 2000
 14 hyphenation exceptions out of 8191
 25i,12n,22p,720b,373s stack positions out of 5000i,500n,10000p,200000b,32768s

Output written on tema2.dvi (28 pages, 108988 bytes).
